<?xml version="1.0" encoding="UTF-8"?>
<testng-results skipped="0" failed="0" total="1" passed="1">
  <reporter-output>
  </reporter-output>
  <suite name="Command line suite" duration-ms="494" started-at="2016-02-19T16:53:03Z" finished-at="2016-02-19T16:53:03Z">
    <groups>
    </groups>
    <test name="Command line test" duration-ms="494" started-at="2016-02-19T16:53:03Z" finished-at="2016-02-19T16:53:03Z">
      <class name="com.excilys.computerdb.testconnectionbdd.TestInteractions">
        <test-method status="PASS" signature="testConnection()[pri:0, instance:testConnection(com.excilys.computerdb.testconnectionbdd.TestInteractions)]" name="testConnection" duration-ms="395" started-at="2016-02-19T17:53:03Z" finished-at="2016-02-19T17:53:03Z">
          <reporter-output>
          </reporter-output>
        </test-method> <!-- testConnection -->
      </class> <!-- com.excilys.computerdb.testconnectionbdd.TestInteractions -->
    </test> <!-- Command line test -->
  </suite> <!-- Command line suite -->
</testng-results>
